2023/01/20 20:28:30 main.go:13: Program started.
2023/01/20 20:28:31 main.go:15: Vuzes page: 1
2023/01/20 20:28:56 scraper.go:42: Saved vuz: Муниципальное образовательное учреждение высшего профессионального образования «Светский институт народов Кавказа»
2023/01/20 20:28:57 scraper.go:42: Saved vuz: Частное образовательное учреждение высшего образования (высшее учебное заведение) «Европейский Институт ЮСТО (справедливость)»
2023/01/20 20:28:57 scraper.go:42: Saved vuz: Негосударственное образовательное частное учреждение высшего профессионального образования «Институт современного дистанционного образования» (НОЧУ ВПО «ИСДО»)
2023/01/20 20:28:57 scraper.go:42: Saved vuz: Частное  образовательное учреждение высшего  образования «Уральский институт бизнеса»
2023/01/20 20:28:57 scraper.go:42: Saved vuz: Негосударственное образовательное учреждение высшего профессионального образования «СЛАВЯНСКИЙ ДЕЛОВОЙ ИНСТИТУТ ИМ. К.В. НЕЧАЕВА (Митрополита Питирима)»
2023/01/20 20:28:57 scraper.go:42: Saved vuz: Муниципальное казённое общеобразовательное учреждение г. Астрахани "Средняя общеобразовательная школа № 74 имени Габдуллы Тукая"
2023/01/20 20:28:58 scraper.go:42: Saved vuz: муниципальное общеобразовательное учреждение "Средняя школа № 51 имени Героя Советского Союза А.М. Числова Тракторозаводского района Волгограда"
2023/01/20 20:28:58 scraper.go:42: Saved vuz: Муниципальное бюджетное общеобразовательное учреждение "Средняя общеобразовательная школа № 10"
2023/01/20 20:28:58 scraper.go:42: Saved vuz: Муниципальное общеобразовательное учреждение Чуфаровская средняя  школа
2023/01/20 20:28:58 scraper.go:42: Saved vuz: Автономная некоммерческая организация дополнительного профессионального образования  "УЧЕБНЫЙ ЦЕНТР МЕЖДУНАРОДНОЙ АКАДЕМИИ НАУК ВЫСШЕЙ ШКОЛЫ"
2023/01/20 20:28:58 scraper.go:42: Saved vuz: Муниципальное образовательное учреждение высшего профессионального образования «Светский институт народов Кавказа»
2023/01/20 20:28:59 scraper.go:42: Saved vuz: Частное образовательное учреждение высшего образования (высшее учебное заведение) «Европейский Институт ЮСТО (справедливость)»
2023/01/20 20:28:59 scraper.go:42: Saved vuz: Негосударственное образовательное частное учреждение высшего профессионального образования «Институт современного дистанционного образования» (НОЧУ ВПО «ИСДО»)
2023/01/20 20:28:59 scraper.go:42: Saved vuz: Частное  образовательное учреждение высшего  образования «Уральский институт бизнеса»
2023/01/20 20:28:59 scraper.go:42: Saved vuz: Негосударственное образовательное учреждение высшего профессионального образования «СЛАВЯНСКИЙ ДЕЛОВОЙ ИНСТИТУТ ИМ. К.В. НЕЧАЕВА (Митрополита Питирима)»
2023/01/20 20:28:59 scraper.go:42: Saved vuz: Муниципальное казённое общеобразовательное учреждение г. Астрахани "Средняя общеобразовательная школа № 74 имени Габдуллы Тукая"
2023/01/20 20:29:00 scraper.go:42: Saved vuz: муниципальное общеобразовательное учреждение "Средняя школа № 51 имени Героя Советского Союза А.М. Числова Тракторозаводского района Волгограда"
2023/01/20 20:29:00 scraper.go:42: Saved vuz: Муниципальное бюджетное общеобразовательное учреждение "Средняя общеобразовательная школа № 10"
2023/01/20 20:29:00 scraper.go:42: Saved vuz: Муниципальное общеобразовательное учреждение Чуфаровская средняя  школа
2023/01/20 20:29:00 scraper.go:42: Saved vuz: Автономная некоммерческая организация дополнительного профессионального образования  "УЧЕБНЫЙ ЦЕНТР МЕЖДУНАРОДНОЙ АКАДЕМИИ НАУК ВЫСШЕЙ ШКОЛЫ"
2023/01/20 20:29:00 main.go:15: Vuzes page: 2
